2018-10-31 14:55:54,191 [ERROR] :- Error unmarshalling specification from XML.
java.lang.NullPointerException
	at org.yawlfoundation.yawl.unmarshal.YSpecificationParser.isBeta2Version(YSpecificationParser.java:255)
	at org.yawlfoundation.yawl.unmarshal.YSpecificationParser.parseSpecification(YSpecificationParser.java:130)
	at org.yawlfoundation.yawl.unmarshal.YSpecificationParser.<init>(YSpecificationParser.java:66)
	at org.yawlfoundation.yawl.unmarshal.YMarshal.buildSpecifications(YMarshal.java:62)
	at org.yawlfoundation.yawl.unmarshal.YMarshal.unmarshalSpecifications(YMarshal.java:121)
	at org.yawlfoundation.yawl.editor.thirdparty.engine.EngineSpecificationImporter.importEngineSpecificationAsEngineObjects(EngineSpecificationImporter.java:122)
	at org.yawlfoundation.yawl.editor.thirdparty.engine.EngineSpecificationImporter.importEngineSpecificationFromFile(EngineSpecificationImporter.java:79)
	at org.yawlfoundation.yawl.editor.thirdparty.engine.EngineSpecificationHandler.importEngineSpecificationFile(EngineSpecificationHandler.java:101)
	at org.yawlfoundation.yawl.editor.thirdparty.engine.EngineSpecificationHandler.engineFormatFileImport(EngineSpecificationHandler.java:88)
	at org.yawlfoundation.yawl.editor.thirdparty.engine.AvailableEngineProxyImplementation.engineFormatFileImport(AvailableEngineProxyImplementation.java:78)
	at org.yawlfoundation.yawl.editor.thirdparty.engine.YAWLEngineProxy.engineFormatFileImport(YAWLEngineProxy.java:96)
	at org.yawlfoundation.yawl.editor.specification.ArchivingThread.processRequestState(ArchivingThread.java:142)
	at org.yawlfoundation.yawl.editor.specification.ArchivingThread.run(ArchivingThread.java:115)
2018-10-31 14:56:29,710 [ERROR] :- Error unmarshalling specification from XML.
java.lang.NullPointerException
	at org.yawlfoundation.yawl.unmarshal.YSpecificationParser.isBeta2Version(YSpecificationParser.java:255)
	at org.yawlfoundation.yawl.unmarshal.YSpecificationParser.parseSpecification(YSpecificationParser.java:130)
	at org.yawlfoundation.yawl.unmarshal.YSpecificationParser.<init>(YSpecificationParser.java:66)
	at org.yawlfoundation.yawl.unmarshal.YMarshal.buildSpecifications(YMarshal.java:62)
	at org.yawlfoundation.yawl.unmarshal.YMarshal.unmarshalSpecifications(YMarshal.java:121)
	at org.yawlfoundation.yawl.editor.thirdparty.engine.EngineSpecificationImporter.importEngineSpecificationAsEngineObjects(EngineSpecificationImporter.java:122)
	at org.yawlfoundation.yawl.editor.thirdparty.engine.EngineSpecificationImporter.importEngineSpecificationFromFile(EngineSpecificationImporter.java:79)
	at org.yawlfoundation.yawl.editor.thirdparty.engine.EngineSpecificationHandler.importEngineSpecificationFile(EngineSpecificationHandler.java:101)
	at org.yawlfoundation.yawl.editor.thirdparty.engine.EngineSpecificationHandler.engineFormatFileImport(EngineSpecificationHandler.java:88)
	at org.yawlfoundation.yawl.editor.thirdparty.engine.AvailableEngineProxyImplementation.engineFormatFileImport(AvailableEngineProxyImplementation.java:78)
	at org.yawlfoundation.yawl.editor.thirdparty.engine.YAWLEngineProxy.engineFormatFileImport(YAWLEngineProxy.java:96)
	at org.yawlfoundation.yawl.editor.specification.ArchivingThread.processRequestState(ArchivingThread.java:142)
	at org.yawlfoundation.yawl.editor.specification.ArchivingThread.run(ArchivingThread.java:115)
2018-10-31 15:35:19,377 [ERROR] :- Error unmarshalling specification from XML.
java.lang.NullPointerException
	at org.yawlfoundation.yawl.unmarshal.YSpecificationParser.isBeta2Version(YSpecificationParser.java:255)
	at org.yawlfoundation.yawl.unmarshal.YSpecificationParser.parseSpecification(YSpecificationParser.java:130)
	at org.yawlfoundation.yawl.unmarshal.YSpecificationParser.<init>(YSpecificationParser.java:66)
	at org.yawlfoundation.yawl.unmarshal.YMarshal.buildSpecifications(YMarshal.java:62)
	at org.yawlfoundation.yawl.unmarshal.YMarshal.unmarshalSpecifications(YMarshal.java:121)
	at org.yawlfoundation.yawl.editor.thirdparty.engine.EngineSpecificationImporter.importEngineSpecificationAsEngineObjects(EngineSpecificationImporter.java:122)
	at org.yawlfoundation.yawl.editor.thirdparty.engine.EngineSpecificationImporter.importEngineSpecificationFromFile(EngineSpecificationImporter.java:79)
	at org.yawlfoundation.yawl.editor.thirdparty.engine.EngineSpecificationHandler.importEngineSpecificationFile(EngineSpecificationHandler.java:101)
	at org.yawlfoundation.yawl.editor.thirdparty.engine.EngineSpecificationHandler.engineFormatFileImport(EngineSpecificationHandler.java:88)
	at org.yawlfoundation.yawl.editor.thirdparty.engine.AvailableEngineProxyImplementation.engineFormatFileImport(AvailableEngineProxyImplementation.java:78)
	at org.yawlfoundation.yawl.editor.thirdparty.engine.YAWLEngineProxy.engineFormatFileImport(YAWLEngineProxy.java:96)
	at org.yawlfoundation.yawl.editor.specification.ArchivingThread.processRequestState(ArchivingThread.java:142)
	at org.yawlfoundation.yawl.editor.specification.ArchivingThread.run(ArchivingThread.java:115)
2018-10-31 15:35:45,656 [ERROR] :- Error unmarshalling specification from XML.
java.lang.NullPointerException
	at org.yawlfoundation.yawl.unmarshal.YSpecificationParser.isBeta2Version(YSpecificationParser.java:255)
	at org.yawlfoundation.yawl.unmarshal.YSpecificationParser.parseSpecification(YSpecificationParser.java:130)
	at org.yawlfoundation.yawl.unmarshal.YSpecificationParser.<init>(YSpecificationParser.java:66)
	at org.yawlfoundation.yawl.unmarshal.YMarshal.buildSpecifications(YMarshal.java:62)
	at org.yawlfoundation.yawl.unmarshal.YMarshal.unmarshalSpecifications(YMarshal.java:121)
	at org.yawlfoundation.yawl.editor.thirdparty.engine.EngineSpecificationImporter.importEngineSpecificationAsEngineObjects(EngineSpecificationImporter.java:122)
	at org.yawlfoundation.yawl.editor.thirdparty.engine.EngineSpecificationImporter.importEngineSpecificationFromFile(EngineSpecificationImporter.java:79)
	at org.yawlfoundation.yawl.editor.thirdparty.engine.EngineSpecificationHandler.importEngineSpecificationFile(EngineSpecificationHandler.java:101)
	at org.yawlfoundation.yawl.editor.thirdparty.engine.EngineSpecificationHandler.engineFormatFileImport(EngineSpecificationHandler.java:88)
	at org.yawlfoundation.yawl.editor.thirdparty.engine.AvailableEngineProxyImplementation.engineFormatFileImport(AvailableEngineProxyImplementation.java:78)
	at org.yawlfoundation.yawl.editor.thirdparty.engine.YAWLEngineProxy.engineFormatFileImport(YAWLEngineProxy.java:96)
	at org.yawlfoundation.yawl.editor.specification.ArchivingThread.processRequestState(ArchivingThread.java:142)
	at org.yawlfoundation.yawl.editor.specification.ArchivingThread.run(ArchivingThread.java:115)
2018-10-31 15:39:18,396 [WARN ] :- http://localhost:8080/yawlWSInvoker
2018-10-31 15:40:16,213 [WARN ] :- http://localhost:8080/yawlWSInvoker
2018-11-12 10:09:02,837 [WARN ] :- http://localhost:8080/yawlWSInvoker
2018-11-12 10:09:08,503 [WARN ] :- http://localhost:8080/yawlWSInvoker
2018-11-12 10:13:56,039 [ERROR] :- Error unmarshalling specification from XML.
java.lang.NullPointerException
	at org.yawlfoundation.yawl.unmarshal.YSpecificationParser.isBeta2Version(YSpecificationParser.java:255)
	at org.yawlfoundation.yawl.unmarshal.YSpecificationParser.parseSpecification(YSpecificationParser.java:130)
	at org.yawlfoundation.yawl.unmarshal.YSpecificationParser.<init>(YSpecificationParser.java:66)
	at org.yawlfoundation.yawl.unmarshal.YMarshal.buildSpecifications(YMarshal.java:62)
	at org.yawlfoundation.yawl.unmarshal.YMarshal.unmarshalSpecifications(YMarshal.java:121)
	at org.yawlfoundation.yawl.editor.thirdparty.engine.EngineSpecificationImporter.importEngineSpecificationAsEngineObjects(EngineSpecificationImporter.java:122)
	at org.yawlfoundation.yawl.editor.thirdparty.engine.EngineSpecificationImporter.importEngineSpecificationFromFile(EngineSpecificationImporter.java:79)
	at org.yawlfoundation.yawl.editor.thirdparty.engine.EngineSpecificationHandler.importEngineSpecificationFile(EngineSpecificationHandler.java:101)
	at org.yawlfoundation.yawl.editor.thirdparty.engine.EngineSpecificationHandler.engineFormatFileImport(EngineSpecificationHandler.java:92)
	at org.yawlfoundation.yawl.editor.thirdparty.engine.AvailableEngineProxyImplementation.engineFormatFileImport(AvailableEngineProxyImplementation.java:82)
	at org.yawlfoundation.yawl.editor.thirdparty.engine.YAWLEngineProxy.engineFormatFileImport(YAWLEngineProxy.java:100)
	at org.yawlfoundation.yawl.editor.specification.ArchivingThread.processRequestState(ArchivingThread.java:146)
	at org.yawlfoundation.yawl.editor.specification.ArchivingThread.run(ArchivingThread.java:115)
2018-12-05 10:22:01,176 [WARN ] :- http://localhost:8080/yawlWSInvoker
2018-12-05 10:22:17,646 [WARN ] :- http://localhost:8080/yawlWSInvoker
2018-12-05 10:58:02,265 [WARN ] :- http://localhost:8080/yawlWSInvoker
2018-12-15 10:57:52,559 [WARN ] :- http://localhost:8080/yawlWSInvoker
2018-12-15 10:57:54,240 [WARN ] :- http://localhost:8080/yawlWSInvoker
2018-12-16 11:29:13,660 [ERROR] :- Error unmarshalling specification from XML.
java.lang.NullPointerException
	at org.yawlfoundation.yawl.unmarshal.YSpecificationParser.isBeta2Version(YSpecificationParser.java:255)
	at org.yawlfoundation.yawl.unmarshal.YSpecificationParser.parseSpecification(YSpecificationParser.java:130)
	at org.yawlfoundation.yawl.unmarshal.YSpecificationParser.<init>(YSpecificationParser.java:66)
	at org.yawlfoundation.yawl.unmarshal.YMarshal.buildSpecifications(YMarshal.java:62)
	at org.yawlfoundation.yawl.unmarshal.YMarshal.unmarshalSpecifications(YMarshal.java:121)
	at org.yawlfoundation.yawl.editor.thirdparty.engine.EngineSpecificationImporter.importEngineSpecificationAsEngineObjects(EngineSpecificationImporter.java:122)
	at org.yawlfoundation.yawl.editor.thirdparty.engine.EngineSpecificationImporter.importEngineSpecificationFromFile(EngineSpecificationImporter.java:79)
	at org.yawlfoundation.yawl.editor.thirdparty.engine.EngineSpecificationHandler.importEngineSpecificationFile(EngineSpecificationHandler.java:101)
	at org.yawlfoundation.yawl.editor.thirdparty.engine.EngineSpecificationHandler.engineFormatFileImport(EngineSpecificationHandler.java:92)
	at org.yawlfoundation.yawl.editor.thirdparty.engine.AvailableEngineProxyImplementation.engineFormatFileImport(AvailableEngineProxyImplementation.java:82)
	at org.yawlfoundation.yawl.editor.thirdparty.engine.YAWLEngineProxy.engineFormatFileImport(YAWLEngineProxy.java:100)
	at org.yawlfoundation.yawl.editor.specification.ArchivingThread.processRequestState(ArchivingThread.java:146)
	at org.yawlfoundation.yawl.editor.specification.ArchivingThread.run(ArchivingThread.java:115)
2018-12-16 11:29:35,651 [ERROR] :- Error unmarshalling specification from XML.
java.lang.NullPointerException
	at org.yawlfoundation.yawl.unmarshal.YSpecificationParser.isBeta2Version(YSpecificationParser.java:255)
	at org.yawlfoundation.yawl.unmarshal.YSpecificationParser.parseSpecification(YSpecificationParser.java:130)
	at org.yawlfoundation.yawl.unmarshal.YSpecificationParser.<init>(YSpecificationParser.java:66)
	at org.yawlfoundation.yawl.unmarshal.YMarshal.buildSpecifications(YMarshal.java:62)
	at org.yawlfoundation.yawl.unmarshal.YMarshal.unmarshalSpecifications(YMarshal.java:121)
	at org.yawlfoundation.yawl.editor.thirdparty.engine.EngineSpecificationImporter.importEngineSpecificationAsEngineObjects(EngineSpecificationImporter.java:122)
	at org.yawlfoundation.yawl.editor.thirdparty.engine.EngineSpecificationImporter.importEngineSpecificationFromFile(EngineSpecificationImporter.java:79)
	at org.yawlfoundation.yawl.editor.thirdparty.engine.EngineSpecificationHandler.importEngineSpecificationFile(EngineSpecificationHandler.java:101)
	at org.yawlfoundation.yawl.editor.thirdparty.engine.EngineSpecificationHandler.engineFormatFileImport(EngineSpecificationHandler.java:92)
	at org.yawlfoundation.yawl.editor.thirdparty.engine.AvailableEngineProxyImplementation.engineFormatFileImport(AvailableEngineProxyImplementation.java:82)
	at org.yawlfoundation.yawl.editor.thirdparty.engine.YAWLEngineProxy.engineFormatFileImport(YAWLEngineProxy.java:100)
	at org.yawlfoundation.yawl.editor.specification.ArchivingThread.processRequestState(ArchivingThread.java:146)
	at org.yawlfoundation.yawl.editor.specification.ArchivingThread.run(ArchivingThread.java:115)
2018-12-16 11:34:54,923 [ERROR] :- Error unmarshalling specification from XML.
java.lang.NullPointerException
	at org.yawlfoundation.yawl.unmarshal.YSpecificationParser.isBeta2Version(YSpecificationParser.java:255)
	at org.yawlfoundation.yawl.unmarshal.YSpecificationParser.parseSpecification(YSpecificationParser.java:130)
	at org.yawlfoundation.yawl.unmarshal.YSpecificationParser.<init>(YSpecificationParser.java:66)
	at org.yawlfoundation.yawl.unmarshal.YMarshal.buildSpecifications(YMarshal.java:62)
	at org.yawlfoundation.yawl.unmarshal.YMarshal.unmarshalSpecifications(YMarshal.java:121)
	at org.yawlfoundation.yawl.editor.thirdparty.engine.EngineSpecificationImporter.importEngineSpecificationAsEngineObjects(EngineSpecificationImporter.java:122)
	at org.yawlfoundation.yawl.editor.thirdparty.engine.EngineSpecificationImporter.importEngineSpecificationFromFile(EngineSpecificationImporter.java:79)
	at org.yawlfoundation.yawl.editor.thirdparty.engine.EngineSpecificationHandler.importEngineSpecificationFile(EngineSpecificationHandler.java:101)
	at org.yawlfoundation.yawl.editor.thirdparty.engine.EngineSpecificationHandler.engineFormatFileImport(EngineSpecificationHandler.java:92)
	at org.yawlfoundation.yawl.editor.thirdparty.engine.AvailableEngineProxyImplementation.engineFormatFileImport(AvailableEngineProxyImplementation.java:82)
	at org.yawlfoundation.yawl.editor.thirdparty.engine.YAWLEngineProxy.engineFormatFileImport(YAWLEngineProxy.java:100)
	at org.yawlfoundation.yawl.editor.specification.ArchivingThread.processRequestState(ArchivingThread.java:146)
	at org.yawlfoundation.yawl.editor.specification.ArchivingThread.run(ArchivingThread.java:115)
2018-12-16 11:36:29,016 [ERROR] :- Error unmarshalling specification from XML.
java.lang.NullPointerException
	at org.yawlfoundation.yawl.unmarshal.YSpecificationParser.isBeta2Version(YSpecificationParser.java:255)
	at org.yawlfoundation.yawl.unmarshal.YSpecificationParser.parseSpecification(YSpecificationParser.java:130)
	at org.yawlfoundation.yawl.unmarshal.YSpecificationParser.<init>(YSpecificationParser.java:66)
	at org.yawlfoundation.yawl.unmarshal.YMarshal.buildSpecifications(YMarshal.java:62)
	at org.yawlfoundation.yawl.unmarshal.YMarshal.unmarshalSpecifications(YMarshal.java:121)
	at org.yawlfoundation.yawl.editor.thirdparty.engine.EngineSpecificationImporter.importEngineSpecificationAsEngineObjects(EngineSpecificationImporter.java:122)
	at org.yawlfoundation.yawl.editor.thirdparty.engine.EngineSpecificationImporter.importEngineSpecificationFromFile(EngineSpecificationImporter.java:79)
	at org.yawlfoundation.yawl.editor.thirdparty.engine.EngineSpecificationHandler.importEngineSpecificationFile(EngineSpecificationHandler.java:101)
	at org.yawlfoundation.yawl.editor.thirdparty.engine.EngineSpecificationHandler.engineFormatFileImport(EngineSpecificationHandler.java:92)
	at org.yawlfoundation.yawl.editor.thirdparty.engine.AvailableEngineProxyImplementation.engineFormatFileImport(AvailableEngineProxyImplementation.java:82)
	at org.yawlfoundation.yawl.editor.thirdparty.engine.YAWLEngineProxy.engineFormatFileImport(YAWLEngineProxy.java:100)
	at org.yawlfoundation.yawl.editor.specification.ArchivingThread.processRequestState(ArchivingThread.java:146)
	at org.yawlfoundation.yawl.editor.specification.ArchivingThread.run(ArchivingThread.java:115)
