#
# A fatal error has been detected by the Java Runtime Environment:
#
#  EXCEPTION_ACCESS_VIOLATION (0xc0000005) at pc=0x00007ffe7c3f4e14, pid=9164, tid=0x00000000000035c0
#
# JRE version: Java(TM) SE Runtime Environment (8.0_144-b01) (build 1.8.0_144-b01)
# Java VM: Java HotSpot(TM) 64-Bit Server VM (25.144-b01 mixed mode windows-amd64 compressed oops)
# Problematic frame:
# C  [fenvpr_ui.dll+0x94e14]
#
# Failed to write core dump. Minidumps are not enabled by default on client versions of Windows
#
# If you would like to submit a bug report, please visit:
#   http://bugreport.java.com/bugreport/crash.jsp
# The crash happened outside the Java Virtual Machine in native code.
# See problematic frame for where to report the bug.
#

---------------  T H R E A D  ---------------

Current thread (0x000000001c0e0000):  JavaThread "Thread-5" [_thread_in_native, id=13760, stack(0x000000001f130000,0x000000001f230000)]

siginfo: ExceptionCode=0xc0000005, reading address 0x0000000000000008

Registers:
RAX=0x0000000000000009, RBX=0x000000001eb525e0, RCX=0x0000000000000000, RDX=0x00007ffe7c4f3e54
RSP=0x000000001f22e210, RBP=0x0000000000000000, RSI=0x0000000000000009, RDI=0x00007ffe7c4f3e54
R8 =0x00007ffe7c4f4120, R9 =0x0000000000000009, R10=0x0000000000000000, R11=0x0000000000000246
R12=0x0000000000000001, R13=0x0000000000000000, R14=0x0000000000000000, R15=0x0000000000000001
RIP=0x00007ffe7c3f4e14, EFLAGS=0x0000000000010202

Top of Stack: (sp=0x000000001f22e210)
0x000000001f22e210:   000000001ebfe2d0 0000000000000000
0x000000001f22e220:   0000000000000001 00007ffe7c3e0f64
0x000000001f22e230:   fffffffffffffffe 0000000000000001
0x000000001f22e240:   0000000000000006 000000001f22e264
0x000000001f22e250:   000000001f22e270 000000001f22e260
0x000000001f22e260:   00007ffe7c4f4120 00007ffe7c3f4b7a
0x000000001f22e270:   0000000000360038 000000001eb525e0
0x000000001f22e280:   0000000002b54ab8 0000000000000009
0x000000001f22e290:   0000029a8f5307d4 0000000000000000
0x000000001f22e2a0:   000000001ebfe2d0 00007ffe7c3e065b
0x000000001f22e2b0:   000000001ebfe2d0 0000000002b54ab8
0x000000001f22e2c0:   0000000000000000 00000000000000a0
0x000000001f22e2d0:   000000001f22e338 000000001f22e314
0x000000001f22e2e0:   0000000000000000 000000001f22e310
0x000000001f22e2f0:   fffffffffffffffe 000000001f22e318
0x000000001f22e300:   0000000002b81548 0000000000000000 

Instructions: (pc=0x00007ffe7c3f4e14)
0x00007ffe7c3f4df4:   ec 50 48 c7 44 24 20 fe ff ff ff 48 89 5c 24 68
0x00007ffe7c3f4e04:   48 89 6c 24 70 48 89 74 24 78 48 8b fa 48 8b e9
0x00007ffe7c3f4e14:   48 8b 49 08 33 f6 48 85 c9 75 42 8d 4e 50 e8 11
0x00007ffe7c3f4e24:   3a fd ff 48 89 44 24 60 48 85 c0 74 29 48 8d 0d 


Register to memory mapping:

RAX=0x0000000000000009 is an unknown value
RBX=0x000000001eb525e0 is an unknown value
RCX=0x0000000000000000 is an unknown value
RDX=0x00007ffe7c4f3e54 is an unknown value
RSP=0x000000001f22e210 is pointing into the stack for thread: 0x000000001c0e0000
RBP=0x0000000000000000 is an unknown value
RSI=0x0000000000000009 is an unknown value
RDI=0x00007ffe7c4f3e54 is an unknown value
R8 =0x00007ffe7c4f4120 is an unknown value
R9 =0x0000000000000009 is an unknown value
R10=0x0000000000000000 is an unknown value
R11=0x0000000000000246 is an unknown value
R12=0x0000000000000001 is an unknown value
R13=0x0000000000000000 is an unknown value
R14=0x0000000000000000 is an unknown value
R15=0x0000000000000001 is an unknown value


Stack: [0x000000001f130000,0x000000001f230000],  sp=0x000000001f22e210,  free space=1016k
Native frames: (J=compiled Java code, j=interpreted, Vv=VM code, C=native code)

Java frames: (J=compiled Java code, j=interpreted, Vv=VM code)
j  sun.print.Win32PrintService.getCapabilities(Ljava/lang/String;Ljava/lang/String;)I+0
j  sun.print.Win32PrintService.getPrinterCapabilities()I+17
j  sun.print.Win32PrintService.getSupportedAttributeCategories()[Ljava/lang/Class;+41
j  sun.print.Win32PrintService.isAttributeCategorySupported(Ljava/lang/Class;)Z+51
j  sun.print.Win32PrintService.getUnsupportedAttributes(Ljavax/print/DocFlavor;Ljavax/print/attribute/AttributeSet;)Ljavax/print/attribute/AttributeSet;+93
j  sun.print.Win32PrintServiceLookup.getPrintServices(Ljavax/print/DocFlavor;Ljavax/print/attribute/AttributeSet;)[Ljavax/print/PrintService;+253
j  javax.print.PrintServiceLookup.getServices(Ljavax/print/DocFlavor;Ljavax/print/attribute/AttributeSet;)Ljava/util/ArrayList;+65
j  javax.print.PrintServiceLookup.lookupPrintServices(Ljavax/print/DocFlavor;Ljavax/print/attribute/AttributeSet;)[Ljavax/print/PrintService;+2
j  org.yawlfoundation.yawl.editor.actions.net.PrintNetAction$1.run()V+18
v  ~StubRoutines::call_stub

---------------  P R O C E S S  ---------------

Java Threads: ( => current thread )
  0x000000001c0e4000 JavaThread "Swing-Shell" daemon [_thread_blocked, id=7956, stack(0x000000001fe40000,0x000000001ff40000)]
=>0x000000001c0e0000 JavaThread "Thread-5" [_thread_in_native, id=13760, stack(0x000000001f130000,0x000000001f230000)]
  0x000000001c0de800 JavaThread "Thread-4" [_thread_in_native, id=15440, stack(0x000000001f030000,0x000000001f130000)]
  0x000000001c0e2800 JavaThread "Thread-3" daemon [_thread_in_native, id=5576, stack(0x000000001ea30000,0x000000001eb30000)]
  0x000000001c0e1000 JavaThread "Thread-2" [_thread_in_native, id=14816, stack(0x000000001e930000,0x000000001ea30000)]
  0x000000001c0e1800 JavaThread "Image Fetcher 2" daemon [_thread_blocked, id=5172, stack(0x000000001e130000,0x000000001e230000)]
  0x000000001a507000 JavaThread "AWT-EventQueue-0" [_thread_blocked, id=10144, stack(0x000000001ca60000,0x000000001cb60000)]
  0x000000001a3f2800 JavaThread "AWT-Shutdown" [_thread_blocked, id=1056, stack(0x000000001c8b0000,0x000000001c9b0000)]
  0x000000001a287000 JavaThread "pool-1-thread-1" [_thread_blocked, id=13700, stack(0x000000001b4d0000,0x000000001b5d0000)]
  0x000000001a2e6000 JavaThread "Image Fetcher 3" daemon [_thread_blocked, id=19276, stack(0x000000001b3d0000,0x000000001b4d0000)]
  0x000000001a266800 JavaThread "AWT-Windows" daemon [_thread_in_native, id=14372, stack(0x000000001ad10000,0x000000001ae10000)]
  0x000000001a25f800 JavaThread "Java2D Disposer" daemon [_thread_blocked, id=14368, stack(0x000000001ab10000,0x000000001ac10000)]
  0x0000000019f0f000 JavaThread "Service Thread" daemon [_thread_blocked, id=6736, stack(0x000000001a910000,0x000000001aa10000)]
  0x0000000019e99800 JavaThread "C1 CompilerThread2" daemon [_thread_blocked, id=13064, stack(0x000000001a810000,0x000000001a910000)]
  0x0000000019e30800 JavaThread "C2 CompilerThread1" daemon [_thread_blocked, id=6988, stack(0x000000001a710000,0x000000001a810000)]
  0x0000000019e30000 JavaThread "C2 CompilerThread0" daemon [_thread_blocked, id=11200, stack(0x000000001a610000,0x000000001a710000)]
  0x0000000019dd3000 JavaThread "Monitor Ctrl-Break" daemon [_thread_in_native, id=2376, stack(0x000000001a510000,0x000000001a610000)]
  0x0000000019753800 JavaThread "Attach Listener" daemon [_thread_blocked, id=11640, stack(0x0000000019c10000,0x0000000019d10000)]
  0x00000000183c3000 JavaThread "Signal Dispatcher" daemon [_thread_blocked, id=11316, stack(0x0000000019b10000,0x0000000019c10000)]
  0x00000000183a0000 JavaThread "Finalizer" daemon [_thread_blocked, id=10072, stack(0x0000000019610000,0x0000000019710000)]
  0x0000000018379000 JavaThread "Reference Handler" daemon [_thread_blocked, id=9520, stack(0x0000000019510000,0x0000000019610000)]
  0x0000000004d56000 JavaThread "main" [_thread_in_native, id=12608, stack(0x0000000004610000,0x0000000004710000)]

Other Threads:
  0x0000000018377800 VMThread [stack: 0x0000000019410000,0x0000000019510000] [id=9652]
  0x0000000019f48800 WatcherThread [stack: 0x000000001aa10000,0x000000001ab10000] [id=15408]

VM state:not at safepoint (normal execution)

VM Mutex/Monitor currently owned by a thread: None

Heap:
 PSYoungGen      total 27136K, used 16381K [0x00000000e2580000, 0x00000000e5a80000, 0x0000000100000000)
  eden space 23552K, 69% used [0x00000000e2580000,0x00000000e357f5a0,0x00000000e3c80000)
  from space 3584K, 0% used [0x00000000e4000000,0x00000000e4000000,0x00000000e4380000)
  to   space 3584K, 0% used [0x00000000e3c80000,0x00000000e3c80000,0x00000000e4000000)
 ParOldGen       total 46080K, used 6922K [0x00000000a7000000, 0x00000000a9d00000, 0x00000000e2580000)
  object space 46080K, 15% used [0x00000000a7000000,0x00000000a76c2a00,0x00000000a9d00000)
 Metaspace       used 25311K, capacity 25622K, committed 25984K, reserved 1071104K
  class space    used 3548K, capacity 3638K, committed 3712K, reserved 1048576K

Card table byte_map: [0x0000000014210000,0x00000000144e0000] byte_map_base: 0x0000000013cd8000

Marking Bits: (ParMarkBitMap*) 0x0000000071ead850
 Begin Bits: [0x0000000014ac0000, 0x0000000016100000)
 End Bits:   [0x0000000016100000, 0x0000000017740000)

Polling page: 0x00000000007f0000

CodeCache: size=245760Kb used=7818Kb max_used=7830Kb free=237941Kb
 bounds [0x0000000004e50000, 0x0000000005600000, 0x0000000013e50000]
 total_blobs=2842 nmethods=2234 adapters=518
 compilation: enabled

Compilation events (10 events):
Event: 4.152 Thread 0x0000000019e99800 nmethod 2117 0x00000000055a7010 code [0x00000000055a71a0, 0x00000000055a7628]
Event: 4.154 Thread 0x0000000019e99800 2118       3       javax.swing.text.GapContent::compare (28 bytes)
Event: 4.155 Thread 0x0000000019e99800 nmethod 2118 0x00000000055a76d0 code [0x00000000055a7840, 0x00000000055a7a30]
Event: 4.155 Thread 0x0000000019e99800 2119       3       java.awt.Rectangle::<init> (9 bytes)
Event: 4.156 Thread 0x0000000019e99800 nmethod 2119 0x00000000055a7b10 code [0x00000000055a7c80, 0x00000000055a7f70]
Event: 4.156 Thread 0x0000000019e99800 2120       3       javax.swing.JComponent::getInsets (23 bytes)
Event: 4.157 Thread 0x0000000019e99800 nmethod 2120 0x00000000055a80d0 code [0x00000000055a8260, 0x00000000055a85d8]
Event: 4.157 Thread 0x0000000019e99800 2121       3       javax.swing.DefaultButtonModel::setEnabled (65 bytes)
Event: 4.157 Thread 0x0000000019e99800 nmethod 2121 0x00000000055a86d0 code [0x00000000055a8840, 0x00000000055a8c28]
Event: 4.165 Thread 0x0000000019e99800 2122   !   3       sun.awt.AWTAutoShutdown::setToolkitBusy (124 bytes)

GC Heap History (10 events):
Event: 2.092 GC heap before
{Heap before GC invocations=1 (full 0):
 PSYoungGen      total 27136K, used 23552K [0x00000000e2580000, 0x00000000e4380000, 0x0000000100000000)
  eden space 23552K, 100% used [0x00000000e2580000,0x00000000e3c80000,0x00000000e3c80000)
  from space 3584K, 0% used [0x00000000e4000000,0x00000000e4000000,0x00000000e4380000)
  to   space 3584K, 0% used [0x00000000e3c80000,0x00000000e3c80000,0x00000000e4000000)
 ParOldGen       total 61440K, used 0K [0x00000000a7000000, 0x00000000aac00000, 0x00000000e2580000)
  object space 61440K, 0% used [0x00000000a7000000,0x00000000a7000000,0x00000000aac00000)
 Metaspace       used 11971K, capacity 12190K, committed 12416K, reserved 1060864K
  class space    used 1453K, capacity 1544K, committed 1664K, reserved 1048576K
Event: 2.098 GC heap after
Heap after GC invocations=1 (full 0):
 PSYoungGen      total 27136K, used 3572K [0x00000000e2580000, 0x00000000e4380000, 0x0000000100000000)
  eden space 23552K, 0% used [0x00000000e2580000,0x00000000e2580000,0x00000000e3c80000)
  from space 3584K, 99% used [0x00000000e3c80000,0x00000000e3ffd1a8,0x00000000e4000000)
  to   space 3584K, 0% used [0x00000000e4000000,0x00000000e4000000,0x00000000e4380000)
 ParOldGen       total 61440K, used 212K [0x00000000a7000000, 0x00000000aac00000, 0x00000000e2580000)
  object space 61440K, 0% used [0x00000000a7000000,0x00000000a70353d0,0x00000000aac00000)
 Metaspace       used 11971K, capacity 12190K, committed 12416K, reserved 1060864K
  class space    used 1453K, capacity 1544K, committed 1664K, reserved 1048576K
}
Event: 2.799 GC heap before
{Heap before GC invocations=2 (full 0):
 PSYoungGen      total 27136K, used 27124K [0x00000000e2580000, 0x00000000e4380000, 0x0000000100000000)
  eden space 23552K, 100% used [0x00000000e2580000,0x00000000e3c80000,0x00000000e3c80000)
  from space 3584K, 99% used [0x00000000e3c80000,0x00000000e3ffd1a8,0x00000000e4000000)
  to   space 3584K, 0% used [0x00000000e4000000,0x00000000e4000000,0x00000000e4380000)
 ParOldGen       total 61440K, used 212K [0x00000000a7000000, 0x00000000aac00000, 0x00000000e2580000)
  object space 61440K, 0% used [0x00000000a7000000,0x00000000a70353d0,0x00000000aac00000)
 Metaspace       used 16726K, capacity 16952K, committed 17408K, reserved 1064960K
  class space    used 2126K, capacity 2187K, committed 2304K, reserved 1048576K
Event: 2.805 GC heap after
Heap after GC invocations=2 (full 0):
 PSYoungGen      total 27136K, used 3573K [0x00000000e2580000, 0x00000000e4380000, 0x0000000100000000)
  eden space 23552K, 0% used [0x00000000e2580000,0x00000000e2580000,0x00000000e3c80000)
  from space 3584K, 99% used [0x00000000e4000000,0x00000000e437d5d8,0x00000000e4380000)
  to   space 3584K, 0% used [0x00000000e3c80000,0x00000000e3c80000,0x00000000e4000000)
 ParOldGen       total 61440K, used 3773K [0x00000000a7000000, 0x00000000aac00000, 0x00000000e2580000)
  object space 61440K, 6% used [0x00000000a7000000,0x00000000a73af4f0,0x00000000aac00000)
 Metaspace       used 16726K, capacity 16952K, committed 17408K, reserved 1064960K
  class space    used 2126K, capacity 2187K, committed 2304K, reserved 1048576K
}
Event: 3.484 GC heap before
{Heap before GC invocations=3 (full 0):
 PSYoungGen      total 27136K, used 27125K [0x00000000e2580000, 0x00000000e4380000, 0x0000000100000000)
  eden space 23552K, 100% used [0x00000000e2580000,0x00000000e3c80000,0x00000000e3c80000)
  from space 3584K, 99% used [0x00000000e4000000,0x00000000e437d5d8,0x00000000e4380000)
  to   space 3584K, 0% used [0x00000000e3c80000,0x00000000e3c80000,0x00000000e4000000)
 ParOldGen       total 61440K, used 3773K [0x00000000a7000000, 0x00000000aac00000, 0x00000000e2580000)
  object space 61440K, 6% used [0x00000000a7000000,0x00000000a73af4f0,0x00000000aac00000)
 Metaspace       used 20136K, capacity 20376K, committed 20608K, reserved 1067008K
  class space    used 2606K, capacity 2667K, committed 2688K, reserved 1048576K
Event: 3.491 GC heap after
Heap after GC invocations=3 (full 0):
 PSYoungGen      total 27136K, used 3556K [0x00000000e2580000, 0x00000000e4380000, 0x0000000100000000)
  eden space 23552K, 0% used [0x00000000e2580000,0x00000000e2580000,0x00000000e3c80000)
  from space 3584K, 99% used [0x00000000e3c80000,0x00000000e3ff9168,0x00000000e4000000)
  to   space 3584K, 0% used [0x00000000e4000000,0x00000000e4000000,0x00000000e4380000)
 ParOldGen       total 61440K, used 7670K [0x00000000a7000000, 0x00000000aac00000, 0x00000000e2580000)
  object space 61440K, 12% used [0x00000000a7000000,0x00000000a777da00,0x00000000aac00000)
 Metaspace       used 20136K, capacity 20376K, committed 20608K, reserved 1067008K
  class space    used 2606K, capacity 2667K, committed 2688K, reserved 1048576K
}
Event: 3.658 GC heap before
{Heap before GC invocations=4 (full 0):
 PSYoungGen      total 27136K, used 11021K [0x00000000e2580000, 0x00000000e4380000, 0x0000000100000000)
  eden space 23552K, 31% used [0x00000000e2580000,0x00000000e2cca528,0x00000000e3c80000)
  from space 3584K, 99% used [0x00000000e3c80000,0x00000000e3ff9168,0x00000000e4000000)
  to   space 3584K, 0% used [0x00000000e4000000,0x00000000e4000000,0x00000000e4380000)
 ParOldGen       total 61440K, used 7670K [0x00000000a7000000, 0x00000000aac00000, 0x00000000e2580000)
  object space 61440K, 12% used [0x00000000a7000000,0x00000000a777da00,0x00000000aac00000)
 Metaspace       used 20849K, capacity 21060K, committed 21248K, reserved 1067008K
  class space    used 2681K, capacity 2765K, committed 2816K, reserved 1048576K
Event: 3.667 GC heap after
Heap after GC invocations=4 (full 0):
 PSYoungGen      total 27136K, used 3557K [0x00000000e2580000, 0x00000000e5a80000, 0x0000000100000000)
  eden space 23552K, 0% used [0x00000000e2580000,0x00000000e2580000,0x00000000e3c80000)
  from space 3584K, 99% used [0x00000000e4000000,0x00000000e4379610,0x00000000e4380000)
  to   space 3584K, 0% used [0x00000000e3c80000,0x00000000e3c80000,0x00000000e4000000)
 ParOldGen       total 61440K, used 8386K [0x00000000a7000000, 0x00000000aac00000, 0x00000000e2580000)
  object space 61440K, 13% used [0x00000000a7000000,0x00000000a7830b30,0x00000000aac00000)
 Metaspace       used 20849K, capacity 21060K, committed 21248K, reserved 1067008K
  class space    used 2681K, capacity 2765K, committed 2816K, reserved 1048576K
}
Event: 3.667 GC heap before
{Heap before GC invocations=5 (full 1):
 PSYoungGen      total 27136K, used 3557K [0x00000000e2580000, 0x00000000e5a80000, 0x0000000100000000)
  eden space 23552K, 0% used [0x00000000e2580000,0x00000000e2580000,0x00000000e3c80000)
  from space 3584K, 99% used [0x00000000e4000000,0x00000000e4379610,0x00000000e4380000)
  to   space 3584K, 0% used [0x00000000e3c80000,0x00000000e3c80000,0x00000000e4000000)
 ParOldGen       total 61440K, used 8386K [0x00000000a7000000, 0x00000000aac00000, 0x00000000e2580000)
  object space 61440K, 13% used [0x00000000a7000000,0x00000000a7830b30,0x00000000aac00000)
 Metaspace       used 20849K, capacity 21060K, committed 21248K, reserved 1067008K
  class space    used 2681K, capacity 2765K, committed 2816K, reserved 1048576K
Event: 3.711 GC heap after
Heap after GC invocations=5 (full 1):
 PSYoungGen      total 27136K, used 0K [0x00000000e2580000, 0x00000000e5a80000, 0x0000000100000000)
  eden space 23552K, 0% used [0x00000000e2580000,0x00000000e2580000,0x00000000e3c80000)
  from space 3584K, 0% used [0x00000000e4000000,0x00000000e4000000,0x00000000e4380000)
  to   space 3584K, 0% used [0x00000000e3c80000,0x00000000e3c80000,0x00000000e4000000)
 ParOldGen       total 46080K, used 6922K [0x00000000a7000000, 0x00000000a9d00000, 0x00000000e2580000)
  object space 46080K, 15% used [0x00000000a7000000,0x00000000a76c2a00,0x00000000a9d00000)
 Metaspace       used 20849K, capacity 21060K, committed 21248K, reserved 1067008K
  class space    used 2681K, capacity 2765K, committed 2816K, reserved 1048576K
}

Deoptimization events (10 events):
Event: 3.638 Thread 0x0000000004d56000 Uncommon trap: reason=array_check action=maybe_recompile pc=0x000000000545d0ec method=org.eclipse.emf.common.util.BasicEList.assign(ILjava/lang/Object;)Ljava/lang/Object; @ 7
Event: 3.645 Thread 0x0000000004d56000 Uncommon trap: reason=unstable_if action=reinterpret pc=0x000000000536a280 method=org.apache.xerces.dom.DeferredDocumentImpl.clearChunkIndex([[III)I @ 47
Event: 3.821 Thread 0x0000000004d56000 Uncommon trap: reason=class_check action=maybe_recompile pc=0x0000000004fc0028 method=java.lang.String.equals(Ljava/lang/Object;)Z @ 8
Event: 3.821 Thread 0x0000000004d56000 Uncommon trap: reason=class_check action=maybe_recompile pc=0x0000000004fc0028 method=java.lang.String.equals(Ljava/lang/Object;)Z @ 8
Event: 3.843 Thread 0x0000000004d56000 Uncommon trap: reason=class_check action=maybe_recompile pc=0x0000000004fc0028 method=java.lang.String.equals(Ljava/lang/Object;)Z @ 8
Event: 3.846 Thread 0x0000000004d56000 Uncommon trap: reason=class_check action=maybe_recompile pc=0x0000000004fc0028 method=java.lang.String.equals(Ljava/lang/Object;)Z @ 8
Event: 3.956 Thread 0x0000000004d56000 Uncommon trap: reason=unstable_if action=reinterpret pc=0x00000000050f7f40 method=java.util.HashMap.getNode(ILjava/lang/Object;)Ljava/util/HashMap$Node; @ 62
Event: 3.983 Thread 0x0000000004d56000 Uncommon trap: reason=class_check action=maybe_recompile pc=0x000000000555ddd8 method=javax.swing.UIDefaults.getFromHashtable(Ljava/lang/Object;)Ljava/lang/Object; @ 92
Event: 4.128 Thread 0x000000001c0e1000 Uncommon trap: reason=unstable_if action=reinterpret pc=0x00000000050ac428 method=java.util.HashMap.getNode(ILjava/lang/Object;)Ljava/util/HashMap$Node; @ 62
Event: 4.146 Thread 0x000000001c0de800 Uncommon trap: reason=class_check action=maybe_recompile pc=0x000000000555ddd8 method=javax.swing.UIDefaults.getFromHashtable(Ljava/lang/Object;)Ljava/lang/Object; @ 92

Internal exceptions (10 events):
Event: 3.568 Thread 0x0000000004d56000 Implicit null exception at 0x00000000054284d3 to 0x000000000542a965
Event: 3.591 Thread 0x0000000004d56000 Exception <a 'java/security/PrivilegedActionException'> (0x00000000e2ab7088) thrown at [C:\re\workspace\8-2-build-windows-amd64-cygwin\jdk8u144\9417\hotspot\src\share\vm\prims\jvm.cpp, line 1390]
Event: 3.591 Thread 0x0000000004d56000 Exception <a 'java/security/PrivilegedActionException'> (0x00000000e2ab7480) thrown at [C:\re\workspace\8-2-build-windows-amd64-cygwin\jdk8u144\9417\hotspot\src\share\vm\prims\jvm.cpp, line 1390]
Event: 3.593 Thread 0x0000000004d56000 Implicit null exception at 0x0000000005432a61 to 0x0000000005433269
Event: 3.605 Thread 0x0000000004d56000 Implicit null exception at 0x0000000005421896 to 0x0000000005421a7a
Event: 3.613 Thread 0x0000000004d56000 Exception <a 'java/security/PrivilegedActionException'> (0x00000000e2b3ff38) thrown at [C:\re\workspace\8-2-build-windows-amd64-cygwin\jdk8u144\9417\hotspot\src\share\vm\prims\jvm.cpp, line 1390]
Event: 3.613 Thread 0x0000000004d56000 Exception <a 'java/security/PrivilegedActionException'> (0x00000000e2b40330) thrown at [C:\re\workspace\8-2-build-windows-amd64-cygwin\jdk8u144\9417\hotspot\src\share\vm\prims\jvm.cpp, line 1390]
Event: 3.754 Thread 0x000000001a287000 Exception <a 'java/net/ConnectException': Connection refused: connect> (0x00000000e27fa880) thrown at [C:\re\workspace\8-2-build-windows-amd64-cygwin\jdk8u144\9417\hotspot\src\share\vm\prims\jni.cpp, line 735]
Event: 3.872 Thread 0x000000001c0e1000 Exception <a 'java/security/PrivilegedActionException'> (0x00000000e2b75c70) thrown at [C:\re\workspace\8-2-build-windows-amd64-cygwin\jdk8u144\9417\hotspot\src\share\vm\prims\jvm.cpp, line 1390]
Event: 3.872 Thread 0x000000001c0e1000 Exception <a 'java/security/PrivilegedActionException'> (0x00000000e2b75e80) thrown at [C:\re\workspace\8-2-build-windows-amd64-cygwin\jdk8u144\9417\hotspot\src\share\vm\prims\jvm.cpp, line 1390]

Events (10 events):
Event: 4.128 Thread 0x000000001c0e1000 DEOPT UNPACKING pc=0x0000000004e9582a sp=0x000000001ea2ed38 mode 2
Event: 4.134 loading class javax/print/attribute/standard/Sides
Event: 4.144 loading class javax/swing/text/PasswordView done
Event: 4.144 loading class javax/print/attribute/standard/Sides done
Event: 4.144 loading class javax/swing/plaf/metal/MetalFileChooserUI$1 done
Event: 4.146 Thread 0x000000001c0de800 Uncommon trap: trap_request=0xffffffde fr.pc=0x000000000555ddd8
Event: 4.146 Thread 0x000000001c0de800 DEOPT PACKING pc=0x000000000555ddd8 sp=0x000000001f12e690
Event: 4.146 Thread 0x000000001c0de800 DEOPT UNPACKING pc=0x0000000004e9582a sp=0x000000001f12e638 mode 2
Event: 4.147 loading class org/yawlfoundation/yawl/editor/actions/tools/EngineDetailDialog$3
Event: 4.147 loading class org/yawlfoundation/yawl/editor/actions/tools/EngineDetailDialog$3 done


Dynamic libraries:
0x00007ff7ef3c0000 - 0x00007ff7ef3f7000 	C:\Program Files\Java\jdk1.8.0_144\bin\java.exe
0x00007ffeb2580000 - 0x00007ffeb2760000 	C:\WINDOWS\SYSTEM32\ntdll.dll
0x00007ffeb1550000 - 0x00007ffeb15fe000 	C:\WINDOWS\System32\KERNEL32.DLL
0x00007ffeaf340000 - 0x00007ffeaf5a6000 	C:\WINDOWS\System32\KERNELBASE.dll
0x00007ffeb2260000 - 0x00007ffeb2301000 	C:\WINDOWS\System32\ADVAPI32.dll
0x00007ffeb1600000 - 0x00007ffeb169d000 	C:\WINDOWS\System32\msvcrt.dll
0x00007ffeb24f0000 - 0x00007ffeb254b000 	C:\WINDOWS\System32\sechost.dll
0x00007ffeb1430000 - 0x00007ffeb154f000 	C:\WINDOWS\System32\RPCRT4.dll
0x00007ffeb1d50000 - 0x00007ffeb1edf000 	C:\WINDOWS\System32\USER32.dll
0x00007ffeaf2a0000 - 0x00007ffeaf2c0000 	C:\WINDOWS\System32\win32u.dll
0x00007ffeafb90000 - 0x00007ffeafbb8000 	C:\WINDOWS\System32\GDI32.dll
0x00007ffeaf810000 - 0x00007ffeaf9a3000 	C:\WINDOWS\System32\gdi32full.dll
0x00007ffeaf9b0000 - 0x00007ffeafa4b000 	C:\WINDOWS\System32\msvcp_win.dll
0x00007ffeaf6b0000 - 0x00007ffeaf7a6000 	C:\WINDOWS\System32\ucrtbase.dll
0x00007ffea81f0000 - 0x00007ffea8459000 	C:\WINDOWS\WinSxS\amd64_microsoft.windows.common-controls_6595b64144ccf1df_6.0.16299.125_none_15cbcf8893620c09\COMCTL32.dll
0x00007ffeb1ee0000 - 0x00007ffeb21e8000 	C:\WINDOWS\System32\combase.dll
0x00007ffeaf2c0000 - 0x00007ffeaf332000 	C:\WINDOWS\System32\bcryptPrimitives.dll
0x00007ffeb16a0000 - 0x00007ffeb16cd000 	C:\WINDOWS\System32\IMM32.DLL
0x0000000073c60000 - 0x0000000073d32000 	C:\Program Files\Java\jdk1.8.0_144\jre\bin\msvcr100.dll
0x0000000071690000 - 0x0000000071f2d000 	C:\Program Files\Java\jdk1.8.0_144\jre\bin\server\jvm.dll
0x00007ffeafb80000 - 0x00007ffeafb88000 	C:\WINDOWS\System32\PSAPI.DLL
0x00007ffea2f10000 - 0x00007ffea2f19000 	C:\WINDOWS\SYSTEM32\WSOCK32.dll
0x00007ffeb1b30000 - 0x00007ffeb1b9c000 	C:\WINDOWS\System32\WS2_32.dll
0x00007ffeab690000 - 0x00007ffeab6b3000 	C:\WINDOWS\SYSTEM32\WINMM.dll
0x00007ffeab6e0000 - 0x00007ffeab6ea000 	C:\WINDOWS\SYSTEM32\VERSION.dll
0x00007ffeab5e0000 - 0x00007ffeab60a000 	C:\WINDOWS\SYSTEM32\winmmbase.dll
0x00007ffeaf660000 - 0x00007ffeaf6aa000 	C:\WINDOWS\System32\cfgmgr32.dll
0x0000000073c50000 - 0x0000000073c5f000 	C:\Program Files\Java\jdk1.8.0_144\jre\bin\verify.dll
0x0000000073920000 - 0x0000000073949000 	C:\Program Files\Java\jdk1.8.0_144\jre\bin\java.dll
0x00000000738f0000 - 0x0000000073913000 	C:\Program Files\Java\jdk1.8.0_144\jre\bin\instrument.dll
0x0000000073c30000 - 0x0000000073c46000 	C:\Program Files\Java\jdk1.8.0_144\jre\bin\zip.dll
0x00007ffeafbc0000 - 0x00007ffeb0ff6000 	C:\WINDOWS\System32\SHELL32.dll
0x00007ffeb23e0000 - 0x00007ffeb2486000 	C:\WINDOWS\System32\shcore.dll
0x00007ffeae980000 - 0x00007ffeaf0c7000 	C:\WINDOWS\System32\windows.storage.dll
0x00007ffeb21f0000 - 0x00007ffeb2241000 	C:\WINDOWS\System32\shlwapi.dll
0x00007ffeae8f0000 - 0x00007ffeae901000 	C:\WINDOWS\System32\kernel.appcore.dll
0x00007ffeae930000 - 0x00007ffeae97c000 	C:\WINDOWS\System32\powrprof.dll
0x00007ffeae8d0000 - 0x00007ffeae8eb000 	C:\WINDOWS\System32\profapi.dll
0x00007ffeaa310000 - 0x00007ffeaa32a000 	D:\IDEA\IntelliJ IDEA 2018.1.3\bin\breakgen64.dll
0x00000000738d0000 - 0x00000000738ea000 	C:\Program Files\Java\jdk1.8.0_144\jre\bin\net.dll
0x00007ffeae160000 - 0x00007ffeae1c6000 	C:\WINDOWS\system32\mswsock.dll
0x0000000073730000 - 0x00000000738c8000 	C:\Program Files\Java\jdk1.8.0_144\jre\bin\awt.dll
0x00007ffeb2310000 - 0x00007ffeb23d5000 	C:\WINDOWS\System32\OLEAUT32.dll
0x00007ffeace50000 - 0x00007ffeaced8000 	C:\WINDOWS\SYSTEM32\apphelp.dll
0x00007ffeacf10000 - 0x00007ffeacfa5000 	C:\WINDOWS\system32\uxtheme.dll
0x00007ffeb1000000 - 0x00007ffeb1167000 	C:\WINDOWS\System32\MSCTF.dll
0x00007ffead180000 - 0x00007ffead1aa000 	C:\WINDOWS\system32\dwmapi.dll
0x00007ffea9670000 - 0x00007ffea96b0000 	C:\Program Files\WIDCOMM\Bluetooth Software\btmmhook.dll
0x00007ffeb1ba0000 - 0x00007ffeb1ce9000 	C:\WINDOWS\System32\ole32.dll
0x00007ffea17b0000 - 0x00007ffea192a000 	C:\Program Files (x86)\Sangfor\SSL\ClientComponent\SangforTcpX64.dll
0x00007ffeaf7b0000 - 0x00007ffeaf808000 	C:\WINDOWS\System32\WINTRUST.dll
0x00007ffeae910000 - 0x00007ffeae922000 	C:\WINDOWS\System32\MSASN1.dll
0x00007ffeaf0d0000 - 0x00007ffeaf29e000 	C:\WINDOWS\System32\CRYPT32.dll
0x00007ffea3d10000 - 0x00007ffea3d36000 	C:\Program Files (x86)\Sangfor\SSL\ClientComponent\SangforNspX64.dll
0x00007ffeadf30000 - 0x00007ffeadfe6000 	C:\WINDOWS\SYSTEM32\DNSAPI.dll
0x00007ffeb1b20000 - 0x00007ffeb1b28000 	C:\WINDOWS\System32\NSI.dll
0x00007ffeadef0000 - 0x00007ffeadf29000 	C:\WINDOWS\SYSTEM32\IPHLPAPI.DLL
0x00007ffea2280000 - 0x00007ffea228a000 	C:\Windows\System32\rasadhlp.dll
0x00007ffea2c90000 - 0x00007ffea2d00000 	C:\WINDOWS\System32\fwpuclnt.dll
0x00007ffeae430000 - 0x00007ffeae455000 	C:\WINDOWS\SYSTEM32\bcrypt.dll
0x00007ffea5ad0000 - 0x00007ffea5bee000 	C:\WINDOWS\system32\opengl32.dll
0x00007ffea9640000 - 0x00007ffea966c000 	C:\WINDOWS\SYSTEM32\GLU32.dll
0x00000000736d0000 - 0x0000000073701000 	C:\Program Files\Java\jdk1.8.0_144\jre\bin\jpeg.dll
0x0000000073680000 - 0x00000000736c7000 	C:\Program Files\Java\jdk1.8.0_144\jre\bin\fontmanager.dll
0x0000000073710000 - 0x0000000073721000 	C:\Program Files\Java\jdk1.8.0_144\jre\bin\nio.dll
0x0000000073630000 - 0x0000000073672000 	C:\Program Files\Java\jdk1.8.0_144\jre\bin\t2k.dll
0x0000000073600000 - 0x000000007362a000 	C:\Program Files\Java\jdk1.8.0_144\jre\bin\dcpr.dll
0x00007ffeae320000 - 0x00007ffeae337000 	C:\WINDOWS\SYSTEM32\CRYPTSP.dll
0x00007ffeadd70000 - 0x00007ffeadda3000 	C:\WINDOWS\system32\rsaenh.dll
0x00007ffeae800000 - 0x00007ffeae829000 	C:\WINDOWS\SYSTEM32\USERENV.dll
0x00007ffeae340000 - 0x00007ffeae34b000 	C:\WINDOWS\SYSTEM32\CRYPTBASE.dll
0x00007ffea29e0000 - 0x00007ffea29f6000 	C:\WINDOWS\SYSTEM32\dhcpcsvc6.DLL
0x00007ffea29c0000 - 0x00007ffea29da000 	C:\WINDOWS\SYSTEM32\dhcpcsvc.DLL
0x00007ffeb11f0000 - 0x00007ffeb128e000 	C:\WINDOWS\System32\clbcatq.dll
0x00007ffeab170000 - 0x00007ffeab31b000 	C:\WINDOWS\SYSTEM32\WindowsCodecs.dll
0x00007ffea3cc0000 - 0x00007ffea3d0f000 	C:\WINDOWS\system32\dataexchange.dll
0x00007ffeac410000 - 0x00007ffeac552000 	C:\WINDOWS\system32\dcomp.dll
0x00007ffeac120000 - 0x00007ffeac401000 	C:\WINDOWS\system32\d3d11.dll
0x00007ffead740000 - 0x00007ffead7ef000 	C:\WINDOWS\system32\dxgi.dll
0x00007ffead300000 - 0x00007ffead47b000 	C:\WINDOWS\system32\twinapi.appcore.dll
0x00007ffead270000 - 0x00007ffead290000 	C:\WINDOWS\system32\RMCLIENT.dll
0x00007ffea8ef0000 - 0x00007ffea8f76000 	C:\WINDOWS\SYSTEM32\WINSPOOL.DRV
0x00007ffe7c360000 - 0x00007ffe7c654000 	C:\WINDOWS\system32\spool\DRIVERS\x64\3\fenvpr_ui.dll
0x00007ffeafa70000 - 0x00007ffeafb7a000 	C:\WINDOWS\System32\COMDLG32.dll
0x00007ffea94a0000 - 0x00007ffea963c000 	C:\WINDOWS\WinSxS\amd64_microsoft.windows.gdiplus_6595b64144ccf1df_1.1.16299.125_none_46b6c26dedf485d7\gdiplus.dll
0x00007ffe84930000 - 0x00007ffe852e0000 	C:\WINDOWS\system32\spool\DRIVERS\x64\3\fenvpr_drv.dll
0x00007ffeada10000 - 0x00007ffeada41000 	C:\WINDOWS\SYSTEM32\ntmarta.dll
0x00007ffea9a60000 - 0x00007ffea9af7000 	C:\WINDOWS\SYSTEM32\mscms.dll
0x00007ffea8560000 - 0x00007ffea85a1000 	C:\WINDOWS\SYSTEM32\icm32.dll
0x00007ffe7c660000 - 0x00007ffe7c962000 	C:\WINDOWS\system32\spool\DRIVERS\x64\3\fpmvpr_ui.dll
0x00007ffe9cd00000 - 0x00007ffe9cec8000 	C:\WINDOWS\SYSTEM32\dbghelp.dll
0x00007ffea8f80000 - 0x00007ffea9026000 	C:\WINDOWS\WinSxS\amd64_microsoft.windows.common-controls_6595b64144ccf1df_5.82.16299.125_none_88782a244abc4c60\comctl32.dll
0x00007ffe83f70000 - 0x00007ffe84922000 	C:\WINDOWS\system32\spool\DRIVERS\x64\3\fpmvpr_drv.dll
0x00007ffe8e7a0000 - 0x00007ffe8ea6a000 	C:\WINDOWS\System32\DriverStore\FileRepository\prnms003.inf_amd64_d953309ec763fcc7\Amd64\PrintConfig.dll
0x00007ffea8530000 - 0x00007ffea855f000 	C:\WINDOWS\SYSTEM32\prntvpt.dll

VM Arguments:
jvm_args: -javaagent:D:\IDEA\IntelliJ IDEA 2018.1.3\lib\idea_rt.jar=53690:D:\IDEA\IntelliJ IDEA 2018.1.3\bin -Dfile.encoding=UTF-8 
java_command: org.yawlfoundation.yawl.editor.YAWLEditor
java_class_path (initial): C:\Program Files\Java\jdk1.8.0_144\jre\lib\charsets.jar;C:\Program Files\Java\jdk1.8.0_144\jre\lib\deploy.jar;C:\Program Files\Java\jdk1.8.0_144\jre\lib\ext\access-bridge-64.jar;C:\Program Files\Java\jdk1.8.0_144\jre\lib\ext\cldrdata.jar;C:\Program Files\Java\jdk1.8.0_144\jre\lib\ext\dnsns.jar;C:\Program Files\Java\jdk1.8.0_144\jre\lib\ext\jaccess.jar;C:\Program Files\Java\jdk1.8.0_144\jre\lib\ext\jfxrt.jar;C:\Program Files\Java\jdk1.8.0_144\jre\lib\ext\localedata.jar;C:\Program Files\Java\jdk1.8.0_144\jre\lib\ext\nashorn.jar;C:\Program Files\Java\jdk1.8.0_144\jre\lib\ext\sunec.jar;C:\Program Files\Java\jdk1.8.0_144\jre\lib\ext\sunjce_provider.jar;C:\Program Files\Java\jdk1.8.0_144\jre\lib\ext\sunmscapi.jar;C:\Program Files\Java\jdk1.8.0_144\jre\lib\ext\sunpkcs11.jar;C:\Program Files\Java\jdk1.8.0_144\jre\lib\ext\zipfs.jar;C:\Program Files\Java\jdk1.8.0_144\jre\lib\javaws.jar;C:\Program Files\Java\jdk1.8.0_144\jre\lib\jce.jar;C:\Program Files\Java\jdk1.8.0_144\jre\lib\jfr.jar;C:\Program Files\Java\jdk1.8.0_144\jre\lib\jfxswt.jar;C:\Program Files\Java\jdk1.8.0_144\jre\lib\jsse.jar;C:\Program Files\Java\jdk1.8.0_144\jre\lib\management-agent.jar;C:\Program Files\Java\jdk1.8.0_144\jre\lib\plugin.jar;C:\Program Files\Java\jdk1.8.0_144\jre\lib\resources.jar;C:\Program Files\Java\jdk1.8.0_144\jre\lib\rt.jar;E:\workspace\idea_projects\YEditor\out\production\YEditor;E:\workspace\idea_projects\YEditor\lib\forms_rt.jar;E:\workspace\idea_projects\YEditor\lib\temporalinfo.jar;E:\workspace\idea_projects\YEditor\lib\servlet-api.jar;E:\workspace\idea_projects\YEditor\lib\temporal_yawl_engine_2.3.jar;E:\workspace\idea_projects\YEditor\lib\swing-layout-1.0.4.jar;E:\workspace\idea_projects\YEditor\lib\temporal_yawl_rs_2.3.jar;E:\workspace\idea_projects\YEditor\lib\swing-worker-1.2.jar;E:\workspace\idea_projects\YEditor\lib\xmlParserAPIs.jar;E:\workspace\idea_projects\YEditor\lib\junit-4.4.jar;E:\workspace\idea_projects\YEditor\lib\jcalendar-1.3.2.jar;E:\wo
Launcher Type: SUN_STANDARD

Environment Variables:
JAVA_HOME=C:\Program Files\Java\jdk1.8.0_144
CLASSPATH=.;C:\Program Files\Java\jdk1.8.0_144\lib\dt.jar;C:\Program Files\Java\jdk1.8.0_144\lib\tools.jar
PATH=C:\ProgramData\Oracle\Java\javapath;C:\Windows\system32;C:\Windows;C:\Windows\System32\Wbem;C:\Windows\System32\WindowsPowerShell\v1.0\;C:\Program Files\WIDCOMM\Bluetooth Software\;C:\Program Files\WIDCOMM\Bluetooth Software\syswow64;C:\Program Files (x86)\NVIDIA Corporation\PhysX\Common;D:\Rational Rose\common;C:\Program Files\Java\jdk1.8.0_144\bin;C:\Program Files\Java\jdk1.8.0_144\jre\bin;D:\nodejs\;D:\git\Git\cmd;D:\MongoDB\Server\bin;C:\WINDOWS\system32;C:\WINDOWS;C:\WINDOWS\System32\Wbem;C:\WINDOWS\System32\WindowsPowerShell\v1.0\;D:\Anaconda;D:\Anaconda\Library\mingw-w64\bin;D:\Anaconda\Library\usr\bin;D:\Anaconda\Library\bin;D:\Anaconda\Scripts;C:\Users\15282\AppData\Local\Microsoft\WindowsApps;C:\Users\15282\AppData\Roaming\npm;D:\cmder;
USERNAME=15282
OS=Windows_NT
PROCESSOR_IDENTIFIER=Intel64 Family 6 Model 58 Stepping 9, GenuineIntel



---------------  S Y S T E M  ---------------

OS: Windows 10.0 , 64 bit Build 16299 (10.0.16299.15)

CPU:total 4 (initial active 4) (2 cores per cpu, 2 threads per core) family 6 model 58 stepping 9, cmov, cx8, fxsr, mmx, sse, sse2, sse3, ssse3, sse4.1, sse4.2, popcnt, avx, aes, clmul, erms, ht, tsc, tscinvbit, tscinv

Memory: 4k page, physical 5830180k(2416940k free), swap 8320548k(3081832k free)

vm_info: Java HotSpot(TM) 64-Bit Server VM (25.144-b01) for windows-amd64 JRE (1.8.0_144-b01), built on Jul 21 2017 21:57:33 by "java_re" with MS VC++ 10.0 (VS2010)

time: Sat Dec 15 10:20:42 2018
elapsed time: 4 seconds (0d 0h 0m 4s)

